<?xml version="1.0" encoding="UTF-8"?>
<!-- Generated by org.testng.reporters.JUnitXMLReporter -->
<testsuite hostname="LAPTOP-N84L60DU" ignored="0" name="Test" tests="10" failures="0" timestamp="2022-10-05T12:49:02 CDT" time="15.344" errors="0">
  <testcase name="Testcase1" time="5.917" classname="org.testing.testcase.TC1_PostRequest"/>
  <testcase name="Testcase2" time="0.281" classname="org.testing.testcase.TC2_GetAllRequest"/>
  <testcase name="Testcase3" time="0.213" classname="org.testing.testcase.TC3_GetRequest"/>
  <testcase name="Testcase4" time="0.068" classname="org.testing.testcase.TC4_PutRequest"/>
  <testcase name="Testcase5" time="0.31" classname="org.testing.testcase.TC5_DeleteRequest"/>
  <testcase name="Testcase6" time="4.981" classname="org.testing.testcase.TC6_PostRequest"/>
  <testcase name="Testcase7" time="1.293" classname="org.testing.testcase.TC7_GetAllRequest"/>
  <testcase name="Testcase8" time="0.407" classname="org.testing.testcase.TC8_GetRequest"/>
  <testcase name="Testcase9" time="1.461" classname="org.testing.testcase.TC9_UpdateRequest"/>
  <testcase name="Testcase10" time="0.353" classname="org.testing.testcase.TC10_DeleteRequest"/>
</testsuite> <!-- Test -->
